#
# There is insufficient memory for the Java Runtime Environment to continue.
# Native memory allocation (malloc) failed to allocate 845856 bytes for Chunk::new
# Possible reasons:
#   The system is out of physical RAM or swap space
#   The process is running with CompressedOops enabled, and the Java Heap may be blocking the growth of the native heap
# Possible solutions:
#   Reduce memory load on the system
#   Increase physical memory or swap space
#   Check if swap backing store is full
#   Decrease Java heap size (-Xmx/-Xms)
#   Decrease number of Java threads
#   Decrease Java thread stack sizes (-Xss)
#   Set larger code cache with -XX:ReservedCodeCacheSize=
#   JVM is running with Zero Based Compressed Oops mode in which the Java heap is
#     placed in the first 32GB address space. The Java Heap base address is the
#     maximum limit for the native heap growth. Please use -XX:HeapBaseMinAddress
#     to set the Java Heap base and to place the Java Heap above 32GB virtual address.
# This output file may be truncated or incomplete.
#
#  Out of Memory Error (arena.cpp:189), pid=16988, tid=2252
#
# JRE version: Java(TM) SE Runtime Environment (17.0.2+8) (build 17.0.2+8-LTS-86)
# Java VM: Java HotSpot(TM) 64-Bit Server VM (17.0.2+8-LTS-86, mixed mode, sharing, tiered, compressed oops, compressed class ptrs, g1 gc, windows-amd64)
# No core dump will be written. Minidumps are not enabled by default on client versions of Windows
#

---------------  S U M M A R Y ------------

Command Line: -javaagent:C:\Program Files\JetBrains\IntelliJ IDEA Community Edition 2022.2.4\lib\idea_rt.jar=59271:C:\Program Files\JetBrains\IntelliJ IDEA Community Edition 2022.2.4\bin -Dfile.encoding=UTF-8 com.example.demo.LastAssignmentApplication

Host: Intel(R) Core(TM) i7-10750H CPU @ 2.60GHz, 12 cores, 15G,  Windows 11 , 64 bit Build 22621 (10.0.22621.1105)
Time: Fri Jan 27 18:58:11 2023 Egypt Standard Time elapsed time: 0.831608 seconds (0d 0h 0m 0s)

---------------  T H R E A D  ---------------

Current thread (0x0000028a5aa6b210):  JavaThread "C2 CompilerThread1" daemon [_thread_in_native, id=2252, stack(0x000000e98c300000,0x000000e98c400000)]


Current CompileTask:
C2:    831 1551       4       jdk.internal.org.objectweb.asm.Frame::execute (2305 bytes)

Stack: [0x000000e98c300000,0x000000e98c400000]
Native frames: (J=compiled Java code, j=interpreted, Vv=VM code, C=native code)
V  [jvm.dll+0x670baa]
V  [jvm.dll+0x7cfcb4]
V  [jvm.dll+0x7d145e]
V  [jvm.dll+0x7d1ac3]
V  [jvm.dll+0x242bc5]
V  [jvm.dll+0xaa57b]
V  [jvm.dll+0xaab0c]
V  [jvm.dll+0x2a991f]
V  [jvm.dll+0x5792d9]
V  [jvm.dll+0x21de3d]
V  [jvm.dll+0x217792]
V  [jvm.dll+0x214fab]
V  [jvm.dll+0x1a1bbd]
V  [jvm.dll+0x224908]
V  [jvm.dll+0x222a6c]
V  [jvm.dll+0x7859bb]
V  [jvm.dll+0x77ff7a]
V  [jvm.dll+0x66fa35]
C  [ucrtbase.dll+0x29363]
C  [KERNEL32.DLL+0x126bd]
C  [ntdll.dll+0x5dfb8]


---------------  P R O C E S S  ---------------

Threads class SMR info:
_java_thread_list=0x0000028a5ab042d0, length=15, elements={
0x0000028a34740b70, 0x0000028a59760db0, 0x0000028a59763970, 0x0000028a59779120,
0x0000028a59779ad0, 0x0000028a5977a480, 0x0000028a5977b040, 0x0000028a59784130,
0x0000028a5978d920, 0x0000028a5978e220, 0x0000028a5a20a160, 0x0000028a5a20c7e0,
0x0000028a5a20a630, 0x0000028a5aa6b210, 0x0000028a5a20ab00
}

Java Threads: ( => current thread )
  0x0000028a34740b70 JavaThread "main" [_thread_in_Java, id=9536, stack(0x000000e98aa00000,0x000000e98ab00000)]
  0x0000028a59760db0 JavaThread "Reference Handler" daemon [_thread_blocked, id=7308, stack(0x000000e98b100000,0x000000e98b200000)]
  0x0000028a59763970 JavaThread "Finalizer" daemon [_thread_blocked, id=21032, stack(0x000000e98b200000,0x000000e98b300000)]
  0x0000028a59779120 JavaThread "Signal Dispatcher" daemon [_thread_blocked, id=16240, stack(0x000000e98b300000,0x000000e98b400000)]
  0x0000028a59779ad0 JavaThread "Attach Listener" daemon [_thread_blocked, id=24560, stack(0x000000e98b400000,0x000000e98b500000)]
  0x0000028a5977a480 JavaThread "Service Thread" daemon [_thread_blocked, id=23940, stack(0x000000e98b500000,0x000000e98b600000)]
  0x0000028a5977b040 JavaThread "Monitor Deflation Thread" daemon [_thread_blocked, id=16508, stack(0x000000e98b600000,0x000000e98b700000)]
  0x0000028a59784130 JavaThread "C2 CompilerThread0" daemon [_thread_blocked, id=17304, stack(0x000000e98b700000,0x000000e98b800000)]
  0x0000028a5978d920 JavaThread "C1 CompilerThread0" daemon [_thread_in_native, id=21048, stack(0x000000e98b800000,0x000000e98b900000)]
  0x0000028a5978e220 JavaThread "Sweeper thread" daemon [_thread_blocked, id=2188, stack(0x000000e98b900000,0x000000e98ba00000)]
  0x0000028a5a20a160 JavaThread "Common-Cleaner" daemon [_thread_blocked, id=23236, stack(0x000000e98ba00000,0x000000e98bb00000)]
  0x0000028a5a20c7e0 JavaThread "Monitor Ctrl-Break" daemon [_thread_in_native, id=11712, stack(0x000000e98bb00000,0x000000e98bc00000)]
  0x0000028a5a20a630 JavaThread "Notification Thread" daemon [_thread_blocked, id=2512, stack(0x000000e98bc00000,0x000000e98bd00000)]
=>0x0000028a5aa6b210 JavaThread "C2 CompilerThread1" daemon [_thread_in_native, id=2252, stack(0x000000e98c300000,0x000000e98c400000)]
  0x0000028a5a20ab00 JavaThread "background-preinit" [_thread_in_vm, id=10840, stack(0x000000e98c400000,0x000000e98c500000)]

Other Threads:
  0x0000028a5975d320 VMThread "VM Thread" [stack: 0x000000e98b000000,0x000000e98b100000] [id=14944]
  0x0000028a347bbd10 WatcherThread [stack: 0x000000e98bd00000,0x000000e98be00000] [id=24148]
  0x0000028a3478fdf0 GCTaskThread "GC Thread#0" [stack: 0x000000e98ab00000,0x000000e98ac00000] [id=13764]
  0x0000028a5a6efe70 GCTaskThread "GC Thread#1" [stack: 0x000000e98be00000,0x000000e98bf00000] [id=24956]
  0x0000028a5a6f0120 GCTaskThread "GC Thread#2" [stack: 0x000000e98bf00000,0x000000e98c000000] [id=9180]
  0x0000028a5a6f03d0 GCTaskThread "GC Thread#3" [stack: 0x000000e98c000000,0x000000e98c100000] [id=25440]
  0x0000028a5a6f0680 GCTaskThread "GC Thread#4" [stack: 0x000000e98c100000,0x000000e98c200000] [id=8720]
  0x0000028a5aa514e0 GCTaskThread "GC Thread#5" [stack: 0x000000e98c200000,0x000000e98c300000] [id=15868]
  0x0000028a347a0bd0 ConcurrentGCThread "G1 Main Marker" [stack: 0x000000e98ac00000,0x000000e98ad00000] [id=23524]
  0x0000028a347a34a0 ConcurrentGCThread "G1 Conc#0" [stack: 0x000000e98ad00000,0x000000e98ae00000] [id=12620]
  0x0000028a34807ed0 ConcurrentGCThread "G1 Refine#0" [stack: 0x000000e98ae00000,0x000000e98af00000] [id=1156]
  0x0000028a34808790 ConcurrentGCThread "G1 Service" [stack: 0x000000e98af00000,0x000000e98b000000] [id=25408]

Threads with active compile tasks:
C1 CompilerThread0      852 1616       3       jdk.internal.org.objectweb.asm.FieldWriter::putFieldInfo (269 bytes)
C2 CompilerThread1      852 1551       4       jdk.internal.org.objectweb.asm.Frame::execute (2305 bytes)

VM state: not at safepoint (normal execution)

VM Mutex/Monitor currently owned by a thread:  ([mutex/lock_event])
[0x0000028a3473afd0] CodeCache_lock - owner thread: 0x0000028a5978d920
[0x0000028a3473c730] Compile_lock - owner thread: 0x0000000000000000

Heap address: 0x0000000702c00000, size: 4052 MB, Compressed Oops mode: Zero based, Oop shift amount: 3

CDS archive(s) mapped at: [0x0000000800000000-0x0000000800bc0000-0x0000000800bc0000), size 12320768, SharedBaseAddress: 0x0000000800000000, ArchiveRelocationMode: 0.
Compressed class space mapped at: 0x0000000800c00000-0x0000000840c00000, reserved size: 1073741824
Narrow klass base: 0x0000000800000000, Narrow klass shift: 0, Narrow klass range: 0x100000000

GC Precious Log:
 CPUs: 12 total, 12 available
 Memory: 16204M
 Large Page Support: Disabled
 NUMA Support: Disabled
 Compressed Oops: Enabled (Zero based)
 Heap Region Size: 2M
 Heap Min Capacity: 8M
 Heap Initial Capacity: 254M
 Heap Max Capacity: 4052M
 Pre-touch: Disabled
 Parallel Workers: 10
 Concurrent Workers: 3
 Concurrent Refinement Workers: 10
 Periodic GC: Disabled

Heap:
 garbage-first heap   total 260096K, used 28862K [0x0000000702c00000, 0x0000000800000000)
  region size 2048K, 16 young (32768K), 2 survivors (4096K)
 Metaspace       used 13512K, committed 13760K, reserved 1064960K
  class space    used 1667K, committed 1792K, reserved 1048576K

Heap Regions: E=young(eden), S=young(survivor), O=old, HS=humongous(starts), HC=humongous(continues), CS=collection set, F=free, OA=open archive, CA=closed archive, TAMS=top-at-mark-start (previous, next)
|   0|0x0000000702c00000, 0x0000000702c2f800, 0x0000000702e00000|  9%| O|  |TAMS 0x0000000702c00000, 0x0000000702c00000| Untracked 
|   1|0x0000000702e00000, 0x0000000702e00000, 0x0000000703000000|  0%| F|  |TAMS 0x0000000702e00000, 0x0000000702e00000| Untracked 
|   2|0x0000000703000000, 0x0000000703000000, 0x0000000703200000|  0%| F|  |TAMS 0x0000000703000000, 0x0000000703000000| Untracked 
|   3|0x0000000703200000, 0x0000000703200000, 0x0000000703400000|  0%| F|  |TAMS 0x0000000703200000, 0x0000000703200000| Untracked 
|   4|0x0000000703400000, 0x0000000703400000, 0x0000000703600000|  0%| F|  |TAMS 0x0000000703400000, 0x0000000703400000| Untracked 
|   5|0x0000000703600000, 0x0000000703600000, 0x0000000703800000|  0%| F|  |TAMS 0x0000000703600000, 0x0000000703600000| Untracked 
|   6|0x0000000703800000, 0x0000000703800000, 0x0000000703a00000|  0%| F|  |TAMS 0x0000000703800000, 0x0000000703800000| Untracked 
|   7|0x0000000703a00000, 0x0000000703a00000, 0x0000000703c00000|  0%| F|  |TAMS 0x0000000703a00000, 0x0000000703a00000| Untracked 
|   8|0x0000000703c00000, 0x0000000703c00000, 0x0000000703e00000|  0%| F|  |TAMS 0x0000000703c00000, 0x0000000703c00000| Untracked 
|   9|0x0000000703e00000, 0x0000000703e00000, 0x0000000704000000|  0%| F|  |TAMS 0x0000000703e00000, 0x0000000703e00000| Untracked 
|  10|0x0000000704000000, 0x0000000704000000, 0x0000000704200000|  0%| F|  |TAMS 0x0000000704000000, 0x0000000704000000| Untracked 
|  11|0x0000000704200000, 0x0000000704200000, 0x0000000704400000|  0%| F|  |TAMS 0x0000000704200000, 0x0000000704200000| Untracked 
|  12|0x0000000704400000, 0x0000000704400000, 0x0000000704600000|  0%| F|  |TAMS 0x0000000704400000, 0x0000000704400000| Untracked 
|  13|0x0000000704600000, 0x0000000704600000, 0x0000000704800000|  0%| F|  |TAMS 0x0000000704600000, 0x0000000704600000| Untracked 
|  14|0x0000000704800000, 0x0000000704800000, 0x0000000704a00000|  0%| F|  |TAMS 0x0000000704800000, 0x0000000704800000| Untracked 
|  15|0x0000000704a00000, 0x0000000704a00000, 0x0000000704c00000|  0%| F|  |TAMS 0x0000000704a00000, 0x0000000704a00000| Untracked 
|  16|0x0000000704c00000, 0x0000000704c00000, 0x0000000704e00000|  0%| F|  |TAMS 0x0000000704c00000, 0x0000000704c00000| Untracked 
|  17|0x0000000704e00000, 0x0000000704e00000, 0x0000000705000000|  0%| F|  |TAMS 0x0000000704e00000, 0x0000000704e00000| Untracked 
|  18|0x0000000705000000, 0x0000000705000000, 0x0000000705200000|  0%| F|  |TAMS 0x0000000705000000, 0x0000000705000000| Untracked 
|  19|0x0000000705200000, 0x0000000705200000, 0x0000000705400000|  0%| F|  |TAMS 0x0000000705200000, 0x0000000705200000| Untracked 
|  20|0x0000000705400000, 0x0000000705400000, 0x0000000705600000|  0%| F|  |TAMS 0x0000000705400000, 0x0000000705400000| Untracked 
|  21|0x0000000705600000, 0x0000000705600000, 0x0000000705800000|  0%| F|  |TAMS 0x0000000705600000, 0x0000000705600000| Untracked 
|  22|0x0000000705800000, 0x0000000705800000, 0x0000000705a00000|  0%| F|  |TAMS 0x0000000705800000, 0x0000000705800000| Untracked 
|  23|0x0000000705a00000, 0x0000000705a00000, 0x0000000705c00000|  0%| F|  |TAMS 0x0000000705a00000, 0x0000000705a00000| Untracked 
|  24|0x0000000705c00000, 0x0000000705c00000, 0x0000000705e00000|  0%| F|  |TAMS 0x0000000705c00000, 0x0000000705c00000| Untracked 
|  25|0x0000000705e00000, 0x0000000705e00000, 0x0000000706000000|  0%| F|  |TAMS 0x0000000705e00000, 0x0000000705e00000| Untracked 
|  26|0x0000000706000000, 0x0000000706000000, 0x0000000706200000|  0%| F|  |TAMS 0x0000000706000000, 0x0000000706000000| Untracked 
|  27|0x0000000706200000, 0x0000000706200000, 0x0000000706400000|  0%| F|  |TAMS 0x0000000706200000, 0x0000000706200000| Untracked 
|  28|0x0000000706400000, 0x0000000706400000, 0x0000000706600000|  0%| F|  |TAMS 0x0000000706400000, 0x0000000706400000| Untracked 
|  29|0x0000000706600000, 0x0000000706600000, 0x0000000706800000|  0%| F|  |TAMS 0x0000000706600000, 0x0000000706600000| Untracked 
|  30|0x0000000706800000, 0x0000000706800000, 0x0000000706a00000|  0%| F|  |TAMS 0x0000000706800000, 0x0000000706800000| Untracked 
|  31|0x0000000706a00000, 0x0000000706a00000, 0x0000000706c00000|  0%| F|  |TAMS 0x0000000706a00000, 0x0000000706a00000| Untracked 
|  32|0x0000000706c00000, 0x0000000706c00000, 0x0000000706e00000|  0%| F|  |TAMS 0x0000000706c00000, 0x0000000706c00000| Untracked 
|  33|0x0000000706e00000, 0x0000000706e00000, 0x0000000707000000|  0%| F|  |TAMS 0x0000000706e00000, 0x0000000706e00000| Untracked 
|  34|0x0000000707000000, 0x0000000707000000, 0x0000000707200000|  0%| F|  |TAMS 0x0000000707000000, 0x0000000707000000| Untracked 
|  35|0x0000000707200000, 0x0000000707200000, 0x0000000707400000|  0%| F|  |TAMS 0x0000000707200000, 0x0000000707200000| Untracked 
|  36|0x0000000707400000, 0x0000000707400000, 0x0000000707600000|  0%| F|  |TAMS 0x0000000707400000, 0x0000000707400000| Untracked 
|  37|0x0000000707600000, 0x0000000707600000, 0x0000000707800000|  0%| F|  |TAMS 0x0000000707600000, 0x0000000707600000| Untracked 
|  38|0x0000000707800000, 0x0000000707800000, 0x0000000707a00000|  0%| F|  |TAMS 0x0000000707800000, 0x0000000707800000| Untracked 
|  39|0x0000000707a00000, 0x0000000707a00000, 0x0000000707c00000|  0%| F|  |TAMS 0x0000000707a00000, 0x0000000707a00000| Untracked 
|  40|0x0000000707c00000, 0x0000000707c00000, 0x0000000707e00000|  0%| F|  |TAMS 0x0000000707c00000, 0x0000000707c00000| Untracked 
|  41|0x0000000707e00000, 0x0000000707e00000, 0x0000000708000000|  0%| F|  |TAMS 0x0000000707e00000, 0x0000000707e00000| Untracked 
|  42|0x0000000708000000, 0x0000000708000000, 0x0000000708200000|  0%| F|  |TAMS 0x0000000708000000, 0x0000000708000000| Untracked 
|  43|0x0000000708200000, 0x0000000708200000, 0x0000000708400000|  0%| F|  |TAMS 0x0000000708200000, 0x0000000708200000| Untracked 
|  44|0x0000000708400000, 0x0000000708400000, 0x0000000708600000|  0%| F|  |TAMS 0x0000000708400000, 0x0000000708400000| Untracked 
|  45|0x0000000708600000, 0x0000000708600000, 0x0000000708800000|  0%| F|  |TAMS 0x0000000708600000, 0x0000000708600000| Untracked 
|  46|0x0000000708800000, 0x0000000708800000, 0x0000000708a00000|  0%| F|  |TAMS 0x0000000708800000, 0x0000000708800000| Untracked 
|  47|0x0000000708a00000, 0x0000000708a00000, 0x0000000708c00000|  0%| F|  |TAMS 0x0000000708a00000, 0x0000000708a00000| Untracked 
|  48|0x0000000708c00000, 0x0000000708c00000, 0x0000000708e00000|  0%| F|  |TAMS 0x0000000708c00000, 0x0000000708c00000| Untracked 
|  49|0x0000000708e00000, 0x0000000708e00000, 0x0000000709000000|  0%| F|  |TAMS 0x0000000708e00000, 0x0000000708e00000| Untracked 
|  50|0x0000000709000000, 0x0000000709000000, 0x0000000709200000|  0%| F|  |TAMS 0x0000000709000000, 0x0000000709000000| Untracked 
|  51|0x0000000709200000, 0x0000000709200000, 0x0000000709400000|  0%| F|  |TAMS 0x0000000709200000, 0x0000000709200000| Untracked 
|  52|0x0000000709400000, 0x0000000709400000, 0x0000000709600000|  0%| F|  |TAMS 0x0000000709400000, 0x0000000709400000| Untracked 
|  53|0x0000000709600000, 0x0000000709600000, 0x0000000709800000|  0%| F|  |TAMS 0x0000000709600000, 0x0000000709600000| Untracked 
|  54|0x0000000709800000, 0x0000000709800000, 0x0000000709a00000|  0%| F|  |TAMS 0x0000000709800000, 0x0000000709800000| Untracked 
|  55|0x0000000709a00000, 0x0000000709a00000, 0x0000000709c00000|  0%| F|  |TAMS 0x0000000709a00000, 0x0000000709a00000| Untracked 
|  56|0x0000000709c00000, 0x0000000709c00000, 0x0000000709e00000|  0%| F|  |TAMS 0x0000000709c00000, 0x0000000709c00000| Untracked 
|  57|0x0000000709e00000, 0x0000000709e00000, 0x000000070a000000|  0%| F|  |TAMS 0x0000000709e00000, 0x0000000709e00000| Untracked 
|  58|0x000000070a000000, 0x000000070a000000, 0x000000070a200000|  0%| F|  |TAMS 0x000000070a000000, 0x000000070a000000| Untracked 
|  59|0x000000070a200000, 0x000000070a200000, 0x000000070a400000|  0%| F|  |TAMS 0x000000070a200000, 0x000000070a200000| Untracked 
|  60|0x000000070a400000, 0x000000070a400000, 0x000000070a600000|  0%| F|  |TAMS 0x000000070a400000, 0x000000070a400000| Untracked 
|  61|0x000000070a600000, 0x000000070a600000, 0x000000070a800000|  0%| F|  |TAMS 0x000000070a600000, 0x000000070a600000| Untracked 
|  62|0x000000070a800000, 0x000000070a800000, 0x000000070aa00000|  0%| F|  |TAMS 0x000000070a800000, 0x000000070a800000| Untracked 
|  63|0x000000070aa00000, 0x000000070aa00000, 0x000000070ac00000|  0%| F|  |TAMS 0x000000070aa00000, 0x000000070aa00000| Untracked 
|  64|0x000000070ac00000, 0x000000070ac00000, 0x000000070ae00000|  0%| F|  |TAMS 0x000000070ac00000, 0x000000070ac00000| Untracked 
|  65|0x000000070ae00000, 0x000000070ae00000, 0x000000070b000000|  0%| F|  |TAMS 0x000000070ae00000, 0x000000070ae00000| Untracked 
|  66|0x000000070b000000, 0x000000070b000000, 0x000000070b200000|  0%| F|  |TAMS 0x000000070b000000, 0x000000070b000000| Untracked 
|  67|0x000000070b200000, 0x000000070b200000, 0x000000070b400000|  0%| F|  |TAMS 0x000000070b200000, 0x000000070b200000| Untracked 
|  68|0x000000070b400000, 0x000000070b400000, 0x000000070b600000|  0%| F|  |TAMS 0x000000070b400000, 0x000000070b400000| Untracked 
|  69|0x000000070b600000, 0x000000070b600000, 0x000000070b800000|  0%| F|  |TAMS 0x000000070b600000, 0x000000070b600000| Untracked 
|  70|0x000000070b800000, 0x000000070b800000, 0x000000070ba00000|  0%| F|  |TAMS 0x000000070b800000, 0x000000070b800000| Untracked 
|  71|0x000000070ba00000, 0x000000070ba00000, 0x000000070bc00000|  0%| F|  |TAMS 0x000000070ba00000, 0x000000070ba00000| Untracked 
|  72|0x000000070bc00000, 0x000000070bc00000, 0x000000070be00000|  0%| F|  |TAMS 0x000000070bc00000, 0x000000070bc00000| Untracked 
|  73|0x000000070be00000, 0x000000070be00000, 0x000000070c000000|  0%| F|  |TAMS 0x000000070be00000, 0x000000070be00000| Untracked 
|  74|0x000000070c000000, 0x000000070c000000, 0x000000070c200000|  0%| F|  |TAMS 0x000000070c000000, 0x000000070c000000| Untracked 
|  75|0x000000070c200000, 0x000000070c200000, 0x000000070c400000|  0%| F|  |TAMS 0x000000070c200000, 0x000000070c200000| Untracked 
|  76|0x000000070c400000, 0x000000070c400000, 0x000000070c600000|  0%| F|  |TAMS 0x000000070c400000, 0x000000070c400000| Untracked 
|  77|0x000000070c600000, 0x000000070c600000, 0x000000070c800000|  0%| F|  |TAMS 0x000000070c600000, 0x000000070c600000| Untracked 
|  78|0x000000070c800000, 0x000000070c800000, 0x000000070ca00000|  0%| F|  |TAMS 0x000000070c800000, 0x000000070c800000| Untracked 
|  79|0x000000070ca00000, 0x000000070ca00000, 0x000000070cc00000|  0%| F|  |TAMS 0x000000070ca00000, 0x000000070ca00000| Untracked 
|  80|0x000000070cc00000, 0x000000070cc00000, 0x000000070ce00000|  0%| F|  |TAMS 0x000000070cc00000, 0x000000070cc00000| Untracked 
|  81|0x000000070ce00000, 0x000000070ce00000, 0x000000070d000000|  0%| F|  |TAMS 0x000000070ce00000, 0x000000070ce00000| Untracked 
|  82|0x000000070d000000, 0x000000070d000000, 0x000000070d200000|  0%| F|  |TAMS 0x000000070d000000, 0x000000070d000000| Untracked 
|  83|0x000000070d200000, 0x000000070d200000, 0x000000070d400000|  0%| F|  |TAMS 0x000000070d200000, 0x000000070d200000| Untracked 
|  84|0x000000070d400000, 0x000000070d400000, 0x000000070d600000|  0%| F|  |TAMS 0x000000070d400000, 0x000000070d400000| Untracked 
|  85|0x000000070d600000, 0x000000070d600000, 0x000000070d800000|  0%| F|  |TAMS 0x000000070d600000, 0x000000070d600000| Untracked 
|  86|0x000000070d800000, 0x000000070d800000, 0x000000070da00000|  0%| F|  |TAMS 0x000000070d800000, 0x000000070d800000| Untracked 
|  87|0x000000070da00000, 0x000000070da00000, 0x000000070dc00000|  0%| F|  |TAMS 0x000000070da00000, 0x000000070da00000| Untracked 
|  88|0x000000070dc00000, 0x000000070dc00000, 0x000000070de00000|  0%| F|  |TAMS 0x000000070dc00000, 0x000000070dc00000| Untracked 
|  89|0x000000070de00000, 0x000000070de00000, 0x000000070e000000|  0%| F|  |TAMS 0x000000070de00000, 0x000000070de00000| Untracked 
|  90|0x000000070e000000, 0x000000070e000000, 0x000000070e200000|  0%| F|  |TAMS 0x000000070e000000, 0x000000070e000000| Untracked 
|  91|0x000000070e200000, 0x000000070e200000, 0x000000070e400000|  0%| F|  |TAMS 0x000000070e200000, 0x000000070e200000| Untracked 
|  92|0x000000070e400000, 0x000000070e400000, 0x000000070e600000|  0%| F|  |TAMS 0x000000070e400000, 0x000000070e400000| Untracked 
|  93|0x000000070e600000, 0x000000070e600000, 0x000000070e800000|  0%| F|  |TAMS 0x000000070e600000, 0x000000070e600000| Untracked 
|  94|0x000000070e800000, 0x000000070e800000, 0x000000070ea00000|  0%| F|  |TAMS 0x000000070e800000, 0x000000070e800000| Untracked 
|  95|0x000000070ea00000, 0x000000070ea00000, 0x000000070ec00000|  0%| F|  |TAMS 0x000000070ea00000, 0x000000070ea00000| Untracked 
|  96|0x000000070ec00000, 0x000000070ec00000, 0x000000070ee00000|  0%| F|  |TAMS 0x000000070ec00000, 0x000000070ec00000| Untracked 
|  97|0x000000070ee00000, 0x000000070ee00000, 0x000000070f000000|  0%| F|  |TAMS 0x000000070ee00000, 0x000000070ee00000| Untracked 
|  98|0x000000070f000000, 0x000000070f000000, 0x000000070f200000|  0%| F|  |TAMS 0x000000070f000000, 0x000000070f000000| Untracked 
|  99|0x000000070f200000, 0x000000070f200000, 0x000000070f400000|  0%| F|  |TAMS 0x000000070f200000, 0x000000070f200000| Untracked 
| 100|0x000000070f400000, 0x000000070f400000, 0x000000070f600000|  0%| F|  |TAMS 0x000000070f400000, 0x000000070f400000| Untracked 
| 101|0x000000070f600000, 0x000000070f600000, 0x000000070f800000|  0%| F|  |TAMS 0x000000070f600000, 0x000000070f600000| Untracked 
| 102|0x000000070f800000, 0x000000070f800000, 0x000000070fa00000|  0%| F|  |TAMS 0x000000070f800000, 0x000000070f800000| Untracked 
| 103|0x000000070fa00000, 0x000000070fa00000, 0x000000070fc00000|  0%| F|  |TAMS 0x000000070fa00000, 0x000000070fa00000| Untracked 
| 104|0x000000070fc00000, 0x000000070fc00000, 0x000000070fe00000|  0%| F|  |TAMS 0x000000070fc00000, 0x000000070fc00000| Untracked 
| 105|0x000000070fe00000, 0x000000070fe00000, 0x0000000710000000|  0%| F|  |TAMS 0x000000070fe00000, 0x000000070fe00000| Untracked 
| 106|0x0000000710000000, 0x0000000710000000, 0x0000000710200000|  0%| F|  |TAMS 0x0000000710000000, 0x0000000710000000| Untracked 
| 107|0x0000000710200000, 0x0000000710200000, 0x0000000710400000|  0%| F|  |TAMS 0x0000000710200000, 0x0000000710200000| Untracked 
| 108|0x0000000710400000, 0x0000000710400000, 0x0000000710600000|  0%| F|  |TAMS 0x0000000710400000, 0x0000000710400000| Untracked 
| 109|0x0000000710600000, 0x0000000710600000, 0x0000000710800000|  0%| F|  |TAMS 0x0000000710600000, 0x0000000710600000| Untracked 
| 110|0x0000000710800000, 0x0000000710800000, 0x0000000710a00000|  0%| F|  |TAMS 0x0000000710800000, 0x0000000710800000| Untracked 
| 111|0x0000000710a00000, 0x0000000710bc9120, 0x0000000710c00000| 89%| E|  |TAMS 0x0000000710a00000, 0x0000000710a00000| Complete 
| 112|0x0000000710c00000, 0x0000000710e00000, 0x0000000710e00000|100%| E|CS|TAMS 0x0000000710c00000, 0x0000000710c00000| Complete 
| 113|0x0000000710e00000, 0x0000000711000000, 0x0000000711000000|100%| E|CS|TAMS 0x0000000710e00000, 0x0000000710e00000| Complete 
| 114|0x0000000711000000, 0x0000000711200000, 0x0000000711200000|100%| S|CS|TAMS 0x0000000711000000, 0x0000000711000000| Complete 
| 115|0x0000000711200000, 0x0000000711400000, 0x0000000711400000|100%| S|CS|TAMS 0x0000000711200000, 0x0000000711200000| Complete 
| 116|0x0000000711400000, 0x0000000711600000, 0x0000000711600000|100%| E|CS|TAMS 0x0000000711400000, 0x0000000711400000| Complete 
| 117|0x0000000711600000, 0x0000000711800000, 0x0000000711800000|100%| E|CS|TAMS 0x0000000711600000, 0x0000000711600000| Complete 
| 118|0x0000000711800000, 0x0000000711a00000, 0x0000000711a00000|100%| E|CS|TAMS 0x0000000711800000, 0x0000000711800000| Complete 
| 119|0x0000000711a00000, 0x0000000711c00000, 0x0000000711c00000|100%| E|  |TAMS 0x0000000711a00000, 0x0000000711a00000| Complete 
| 120|0x0000000711c00000, 0x0000000711e00000, 0x0000000711e00000|100%| E|CS|TAMS 0x0000000711c00000, 0x0000000711c00000| Complete 
| 121|0x0000000711e00000, 0x0000000712000000, 0x0000000712000000|100%| E|CS|TAMS 0x0000000711e00000, 0x0000000711e00000| Complete 
| 122|0x0000000712000000, 0x0000000712200000, 0x0000000712200000|100%| E|CS|TAMS 0x0000000712000000, 0x0000000712000000| Complete 
| 123|0x0000000712200000, 0x0000000712400000, 0x0000000712400000|100%| E|CS|TAMS 0x0000000712200000, 0x0000000712200000| Complete 
| 124|0x0000000712400000, 0x0000000712600000, 0x0000000712600000|100%| E|CS|TAMS 0x0000000712400000, 0x0000000712400000| Complete 
| 125|0x0000000712600000, 0x0000000712800000, 0x0000000712800000|100%| E|CS|TAMS 0x0000000712600000, 0x0000000712600000| Complete 
| 126|0x0000000712800000, 0x0000000712a00000, 0x0000000712a00000|100%| E|CS|TAMS 0x0000000712800000, 0x0000000712800000| Complete 

Card table byte_map: [0x0000028a4dbe0000,0x0000028a4e3d0000] _byte_map_base: 0x0000028a4a3ca000

Marking Bits (Prev, Next): (CMBitMap*) 0x0000028a34790400, (CMBitMap*) 0x0000028a34790440
 Prev Bits: [0x0000028a4ebc0000, 0x0000028a52b10000)
 Next Bits: [0x0000028a52b10000, 0x0000028a56a60000)

Polling page: 0x0000028a3d740000

Metaspace:

Usage:
  Non-class:     11.59 MB used.
      Class:      1.63 MB used.
       Both:     13.22 MB used.

Virtual space:
  Non-class space:       16.00 MB reserved,      11.69 MB ( 73%) committed,  2 nodes.
      Class space:        1.00 GB reserved,       1.75 MB ( <1%) committed,  1 nodes.
             Both:        1.02 GB reserved,      13.44 MB (  1%) committed. 

Chunk freelists:
   Non-Class:  3.75 MB
       Class:  2.17 MB
        Both:  5.92 MB

MaxMetaspaceSize: unlimited
CompressedClassSpaceSize: 1.00 GB
Initial GC threshold: 21.00 MB
Current GC threshold: 21.00 MB
CDS: on
MetaspaceReclaimPolicy: balanced
 - commit_granule_bytes: 65536.
 - commit_granule_words: 8192.
 - virtual_space_node_default_size: 1048576.
 - enlarge_chunks_in_place: 1.
 - new_chunks_are_fully_committed: 0.
 - uncommit_free_chunks: 1.
 - use_allocation_guard: 0.
 - handle_deallocations: 1.


Internal statistics:

num_allocs_failed_limit: 0.
num_arena_births: 154.
num_arena_deaths: 0.
num_vsnodes_births: 3.
num_vsnodes_deaths: 0.
num_space_committed: 215.
num_space_uncommitted: 0.
num_chunks_returned_to_freelist: 0.
num_chunks_taken_from_freelist: 573.
num_chunk_merges: 0.
num_chunk_splits: 403.
num_chunks_enlarged: 327.
num_purges: 0.
num_inconsistent_stats: 0.

CodeHeap 'non-profiled nmethods': size=120000Kb used=567Kb max_used=567Kb free=119432Kb
 bounds [0x0000028a45230000, 0x0000028a454a0000, 0x0000028a4c760000]
CodeHeap 'profiled nmethods': size=120000Kb used=2947Kb max_used=2947Kb free=117052Kb
 bounds [0x0000028a3dd00000, 0x0000028a3dff0000, 0x0000028a45230000]
CodeHeap 'non-nmethods': size=5760Kb used=1182Kb max_used=1204Kb free=4577Kb
 bounds [0x0000028a3d760000, 0x0000028a3d9d0000, 0x0000028a3dd00000]
 total_blobs=2099 nmethods=1617 adapters=394
 compilation: enabled
              stopped_count=0, restarted_count=0
 full_count=0

Compilation events (20 events):
Event: 0.813 Thread 0x0000028a5978d920 nmethod 1597 0x0000028a3dfd6390 code [0x0000028a3dfd6560, 0x0000028a3dfd68d8]
Event: 0.813 Thread 0x0000028a5978d920 1598       3       jdk.internal.loader.AbstractClassLoaderValue::extractValue (17 bytes)
Event: 0.814 Thread 0x0000028a5978d920 nmethod 1598 0x0000028a3dfd6a10 code [0x0000028a3dfd6bc0, 0x0000028a3dfd6f68]
Event: 0.814 Thread 0x0000028a5978d920 1599       3       jdk.internal.loader.AbstractClassLoaderValue::<init> (5 bytes)
Event: 0.814 Thread 0x0000028a5978d920 nmethod 1599 0x0000028a3dfd7090 code [0x0000028a3dfd7220, 0x0000028a3dfd7378]
Event: 0.815 Thread 0x0000028a59784130 nmethod 1591 0x0000028a452b6710 code [0x0000028a452b68a0, 0x0000028a452b6c38]
Event: 0.815 Thread 0x0000028a59784130 1596       4       org.springframework.core.annotation.AttributeMethods::size (6 bytes)
Event: 0.815 Thread 0x0000028a59784130 nmethod 1596 0x0000028a452b6e90 code [0x0000028a452b7000, 0x0000028a452b7098]
Event: 0.815 Thread 0x0000028a59784130 1600       4       java.lang.CharacterData::of (136 bytes)
Event: 0.816 Thread 0x0000028a59784130 nmethod 1600 0x0000028a452b7190 code [0x0000028a452b7300, 0x0000028a452b7398]
Event: 0.816 Thread 0x0000028a5978d920 1601       3       java.lang.invoke.BoundMethodHandle::editor (8 bytes)
Event: 0.817 Thread 0x0000028a5978d920 nmethod 1601 0x0000028a3dfd7410 code [0x0000028a3dfd75e0, 0x0000028a3dfd7988]
Event: 0.817 Thread 0x0000028a5978d920 1602       3       jdk.internal.org.objectweb.asm.FieldWriter::visitEnd (1 bytes)
Event: 0.818 Thread 0x0000028a5978d920 nmethod 1602 0x0000028a3dfd7b10 code [0x0000028a3dfd7ca0, 0x0000028a3dfd7db8]
Event: 0.818 Thread 0x0000028a5978d920 1603       3       jdk.internal.org.objectweb.asm.Type::<init> (26 bytes)
Event: 0.818 Thread 0x0000028a5978d920 nmethod 1603 0x0000028a3dfd7e90 code [0x0000028a3dfd8020, 0x0000028a3dfd81f8]
Event: 0.818 Thread 0x0000028a5978d920 1604       3       java.lang.invoke.DirectMethodHandle$Constructor::<init> (44 bytes)
Event: 0.818 Thread 0x0000028a5978d920 nmethod 1604 0x0000028a3dfd8290 code [0x0000028a3dfd8440, 0x0000028a3dfd8668]
Event: 0.820 Thread 0x0000028a5978d920 1605       3       java.lang.Short::<init> (10 bytes)
Event: 0.820 Thread 0x0000028a5978d920 nmethod 1605 0x0000028a3dfd8710 code [0x0000028a3dfd88c0, 0x0000028a3dfd8a98]

GC Heap History (2 events):
Event: 0.568 GC heap before
{Heap before GC invocations=0 (full 0):
 garbage-first heap   total 260096K, used 22528K [0x0000000702c00000, 0x0000000800000000)
  region size 2048K, 11 young (22528K), 0 survivors (0K)
 Metaspace       used 6577K, committed 6784K, reserved 1056768K
  class space    used 804K, committed 896K, reserved 1048576K
}
Event: 0.572 GC heap after
{Heap after GC invocations=1 (full 0):
 garbage-first heap   total 260096K, used 4286K [0x0000000702c00000, 0x0000000800000000)
  region size 2048K, 2 young (4096K), 2 survivors (4096K)
 Metaspace       used 6577K, committed 6784K, reserved 1056768K
  class space    used 804K, committed 896K, reserved 1048576K
}

Deoptimization events (20 events):
Event: 0.751 Thread 0x0000028a34740b70 Uncommon trap: trap_request=0xffffff45 fr.pc=0x0000028a452a1d44 relative=0x00000000000011a4
Event: 0.751 Thread 0x0000028a34740b70 Uncommon trap: reason=unstable_if action=reinterpret pc=0x0000028a452a1d44 method=java.util.concurrent.ConcurrentHashMap.addCount(JI)V @ 171 c2
Event: 0.751 Thread 0x0000028a34740b70 DEOPT PACKING pc=0x0000028a452a1d44 sp=0x000000e98aafe1d0
Event: 0.751 Thread 0x0000028a34740b70 DEOPT UNPACKING pc=0x0000028a3d7b23a3 sp=0x000000e98aafe090 mode 2
Event: 0.751 Thread 0x0000028a34740b70 Uncommon trap: trap_request=0xffffff45 fr.pc=0x0000028a452aed90 relative=0x00000000000012b0
Event: 0.751 Thread 0x0000028a34740b70 Uncommon trap: reason=unstable_if action=reinterpret pc=0x0000028a452aed90 method=java.util.concurrent.ConcurrentHashMap.transfer([Ljava/util/concurrent/ConcurrentHashMap$Node;[Ljava/util/concurrent/ConcurrentHashMap$Node;)V @ 273 c2
Event: 0.751 Thread 0x0000028a34740b70 DEOPT PACKING pc=0x0000028a452aed90 sp=0x000000e98aafdfd0
Event: 0.751 Thread 0x0000028a34740b70 DEOPT UNPACKING pc=0x0000028a3d7b23a3 sp=0x000000e98aafdf58 mode 2
Event: 0.752 Thread 0x0000028a34740b70 Uncommon trap: trap_request=0xffffffde fr.pc=0x0000028a45295b34 relative=0x0000000000000a94
Event: 0.752 Thread 0x0000028a34740b70 Uncommon trap: reason=class_check action=maybe_recompile pc=0x0000028a45295b34 method=java.util.HashMap.putVal(ILjava/lang/Object;Ljava/lang/Object;ZZ)Ljava/lang/Object; @ 91 c2
Event: 0.752 Thread 0x0000028a34740b70 DEOPT PACKING pc=0x0000028a45295b34 sp=0x000000e98aafdd30
Event: 0.752 Thread 0x0000028a34740b70 DEOPT UNPACKING pc=0x0000028a3d7b23a3 sp=0x000000e98aafdc68 mode 2
Event: 0.754 Thread 0x0000028a34740b70 Uncommon trap: trap_request=0xffffffde fr.pc=0x0000028a45295b34 relative=0x0000000000000a94
Event: 0.754 Thread 0x0000028a34740b70 Uncommon trap: reason=class_check action=maybe_recompile pc=0x0000028a45295b34 method=java.util.HashMap.putVal(ILjava/lang/Object;Ljava/lang/Object;ZZ)Ljava/lang/Object; @ 91 c2
Event: 0.754 Thread 0x0000028a34740b70 DEOPT PACKING pc=0x0000028a45295b34 sp=0x000000e98aafdd30
Event: 0.754 Thread 0x0000028a34740b70 DEOPT UNPACKING pc=0x0000028a3d7b23a3 sp=0x000000e98aafdc68 mode 2
Event: 0.766 Thread 0x0000028a34740b70 Uncommon trap: trap_request=0xffffff45 fr.pc=0x0000028a45289734 relative=0x0000000000000314
Event: 0.766 Thread 0x0000028a34740b70 Uncommon trap: reason=unstable_if action=reinterpret pc=0x0000028a45289734 method=jdk.internal.org.objectweb.asm.SymbolTable.put(Ljdk/internal/org/objectweb/asm/SymbolTable$Entry;)Ljdk/internal/org/objectweb/asm/SymbolTable$Entry; @ 13 c2
Event: 0.767 Thread 0x0000028a34740b70 DEOPT PACKING pc=0x0000028a45289734 sp=0x000000e98aafd5e0
Event: 0.767 Thread 0x0000028a34740b70 DEOPT UNPACKING pc=0x0000028a3d7b23a3 sp=0x000000e98aafd560 mode 2

Classes unloaded (0 events):
No events

Classes redefined (0 events):
No events

Internal exceptions (20 events):
Event: 0.521 Thread 0x0000028a34740b70 Exception <a 'java/lang/NoSuchMethodError'{0x000000071140c750}: 'java.lang.Object java.lang.invoke.DirectMethodHandle$Holder.newInvokeSpecial(java.lang.Object, java.lang.Object, java.lang.Object, java.lang.Object, java.lang.Object, java.lang.Object, int)'> (0x000000071140c750) 
thrown [t:\workspace\open\src\hotspot\share\interpreter\linkResolver.cpp, line 766]
Event: 0.522 Thread 0x0000028a34740b70 Exception <a 'java/lang/NoSuchMethodError'{0x0000000711411790}: 'java.lang.Object java.lang.invoke.DirectMethodHandle$Holder.invokeSpecial(java.lang.Object, java.lang.Object, java.lang.Object, java.lang.Object, java.lang.Object, java.lang.Object, java.lang.Object, int)'> (0x0000000711411790) 
thrown [t:\workspace\open\src\hotspot\share\interpreter\linkResolver.cpp, line 766]
Event: 0.548 Thread 0x0000028a34740b70 Exception <a 'java/lang/NoSuchMethodError'{0x000000071152f688}: 'int java.lang.invoke.DirectMethodHandle$Holder.invokeInterface(java.lang.Object, java.lang.Object)'> (0x000000071152f688) 
thrown [t:\workspace\open\src\hotspot\share\interpreter\linkResolver.cpp, line 766]
Event: 0.561 Thread 0x0000028a34740b70 Exception <a 'java/lang/NoSuchMethodError'{0x00000007115ac080}: 'java.lang.Object java.lang.invoke.DirectMethodHandle$Holder.invokeSpecial(java.lang.Object, java.lang.Object, java.lang.Object, int, java.lang.Object)'> (0x00000007115ac080) 
thrown [t:\workspace\open\src\hotspot\share\interpreter\linkResolver.cpp, line 766]
Event: 0.562 Thread 0x0000028a34740b70 Exception <a 'java/lang/NoSuchMethodError'{0x00000007115b46e0}: 'java.lang.Object java.lang.invoke.DirectMethodHandle$Holder.newInvokeSpecial(java.lang.Object, java.lang.Object, java.lang.Object, int, java.lang.Object)'> (0x00000007115b46e0) 
thrown [t:\workspace\open\src\hotspot\share\interpreter\linkResolver.cpp, line 766]
Event: 0.562 Thread 0x0000028a34740b70 Exception <a 'java/lang/NoSuchMethodError'{0x00000007115bc0b0}: 'java.lang.Object java.lang.invoke.Invokers$Holder.linkToTargetMethod(java.lang.Object, java.lang.Object, int, java.lang.Object, java.lang.Object)'> (0x00000007115bc0b0) 
thrown [t:\workspace\open\src\hotspot\share\interpreter\linkResolver.cpp, line 766]
Event: 0.564 Thread 0x0000028a34740b70 Exception <a 'java/lang/NoSuchMethodError'{0x00000007115d07e8}: 'java.lang.Object java.lang.invoke.DirectMethodHandle$Holder.newInvokeSpecial(java.lang.Object, int, java.lang.Object)'> (0x00000007115d07e8) 
thrown [t:\workspace\open\src\hotspot\share\interpreter\linkResolver.cpp, line 766]
Event: 0.564 Thread 0x0000028a34740b70 Exception <a 'java/lang/NoSuchMethodError'{0x00000007115d54c8}: 'int java.lang.invoke.DirectMethodHandle$Holder.invokeSpecialIFC(java.lang.Object, java.lang.Object, java.lang.Object, java.lang.Object)'> (0x00000007115d54c8) 
thrown [t:\workspace\open\src\hotspot\share\interpreter\linkResolver.cpp, line 766]
Event: 0.588 Thread 0x0000028a34740b70 Exception <a 'java/lang/NoSuchMethodError'{0x0000000712899b90}: 'void java.lang.invoke.DirectMethodHandle$Holder.invokeInterface(java.lang.Object, java.lang.Object, java.lang.Object)'> (0x0000000712899b90) 
thrown [t:\workspace\open\src\hotspot\share\interpreter\linkResolver.cpp, line 766]
Event: 0.601 Thread 0x0000028a34740b70 Exception <a 'java/lang/NoSuchMethodError'{0x00000007129012f0}: 'void java.lang.invoke.DirectMethodHandle$Holder.invokeStaticInit(java.lang.Object, java.lang.Object)'> (0x00000007129012f0) 
thrown [t:\workspace\open\src\hotspot\share\interpreter\linkResolver.cpp, line 766]
Event: 0.604 Thread 0x0000028a34740b70 Exception <a 'java/lang/NoSuchMethodError'{0x000000071290dd08}: 'void java.lang.invoke.DirectMethodHandle$Holder.invokeStaticInit(java.lang.Object, java.lang.Object, java.lang.Object)'> (0x000000071290dd08) 
thrown [t:\workspace\open\src\hotspot\share\interpreter\linkResolver.cpp, line 766]
Event: 0.606 Thread 0x0000028a34740b70 Exception <a 'java/lang/NoSuchMethodError'{0x000000071291f448}: 'java.lang.Object java.lang.invoke.DirectMethodHandle$Holder.invokeStatic(java.lang.Object, java.lang.Object, long, java.lang.Object)'> (0x000000071291f448) 
thrown [t:\workspace\open\src\hotspot\share\interpreter\linkResolver.cpp, line 766]
Event: 0.607 Thread 0x0000028a34740b70 Exception <a 'java/lang/NoSuchMethodError'{0x0000000712922ee0}: 'java.lang.Object java.lang.invoke.DirectMethodHandle$Holder.invokeStaticInit(java.lang.Object, java.lang.Object, long, java.lang.Object)'> (0x0000000712922ee0) 
thrown [t:\workspace\open\src\hotspot\share\interpreter\linkResolver.cpp, line 766]
Event: 0.607 Thread 0x0000028a34740b70 Exception <a 'java/lang/NoSuchMethodError'{0x0000000712929620}: 'java.lang.Object java.lang.invoke.DirectMethodHandle$Holder.newInvokeSpecial(java.lang.Object, java.lang.Object, long)'> (0x0000000712929620) 
thrown [t:\workspace\open\src\hotspot\share\interpreter\linkResolver.cpp, line 766]
Event: 0.608 Thread 0x0000028a34740b70 Exception <a 'java/lang/NoSuchMethodError'{0x000000071297a0e0}: 'java.lang.Object java.lang.invoke.Invokers$Holder.linkToTargetMethod(java.lang.Object, long, java.lang.Object)'> (0x000000071297a0e0) 
thrown [t:\workspace\open\src\hotspot\share\interpreter\linkResolver.cpp, line 766]
Event: 0.614 Thread 0x0000028a34740b70 Exception <a 'java/lang/NoSuchMethodError'{0x00000007129b57d0}: 'void java.lang.invoke.DirectMethodHandle$Holder.invokeVirtual(java.lang.Object, java.lang.Object, java.lang.Object, java.lang.Object)'> (0x00000007129b57d0) 
thrown [t:\workspace\open\src\hotspot\share\interpreter\linkResolver.cpp, line 766]
Event: 0.639 Thread 0x0000028a34740b70 Exception <a 'java/lang/NoSuchMethodError'{0x0000000712708e80}: 'void java.lang.invoke.DirectMethodHandle$Holder.invokeSpecial(java.lang.Object, java.lang.Object, java.lang.Object)'> (0x0000000712708e80) 
thrown [t:\workspace\open\src\hotspot\share\interpreter\linkResolver.cpp, line 766]
Event: 0.640 Thread 0x0000028a34740b70 Exception <a 'java/lang/NoSuchMethodError'{0x000000071270f458}: 'void java.lang.invoke.DirectMethodHandle$Holder.invokeSpecial(java.lang.Object, java.lang.Object, java.lang.Object, java.lang.Object, java.lang.Object)'> (0x000000071270f458) 
thrown [t:\workspace\open\src\hotspot\share\interpreter\linkResolver.cpp, line 766]
Event: 0.645 Thread 0x0000028a5a20ab00 Exception <a 'java/lang/NoClassDefFoundError'{0x0000000712740fd0}: jakarta/validation/Validation> (0x0000000712740fd0) 
thrown [t:\workspace\open\src\hotspot\share\classfile\systemDictionary.cpp, line 245]
Event: 0.650 Thread 0x0000028a34740b70 Exception <a 'java/lang/IncompatibleClassChangeError'{0x000000071278c518}: Found class java.lang.Object, but interface was expected> (0x000000071278c518) 
thrown [t:\workspace\open\src\hotspot\share\interpreter\linkResolver.cpp, line 833]

VM Operations (16 events):
Event: 0.145 Executing VM operation: HandshakeAllThreads
Event: 0.145 Executing VM operation: HandshakeAllThreads done
Event: 0.179 Executing VM operation: HandshakeAllThreads
Event: 0.179 Executing VM operation: HandshakeAllThreads done
Event: 0.411 Executing VM operation: HandshakeAllThreads
Event: 0.411 Executing VM operation: HandshakeAllThreads done
Event: 0.553 Executing VM operation: ICBufferFull
Event: 0.553 Executing VM operation: ICBufferFull done
Event: 0.558 Executing VM operation: HandshakeAllThreads
Event: 0.558 Executing VM operation: HandshakeAllThreads done
Event: 0.568 Executing VM operation: G1CollectForAllocation
Event: 0.572 Executing VM operation: G1CollectForAllocation done
Event: 0.637 Executing VM operation: HandshakeAllThreads
Event: 0.638 Executing VM operation: HandshakeAllThreads done
Event: 0.734 Executing VM operation: HandshakeAllThreads
Event: 0.734 Executing VM operation: HandshakeAllThreads done

Events (20 events):
Event: 0.762 loading class jdk/internal/reflect/Label$PatchInfo
Event: 0.762 loading class jdk/internal/reflect/Label$PatchInfo done
Event: 0.762 loading class jdk/internal/reflect/MethodAccessorGenerator$1
Event: 0.762 loading class jdk/internal/reflect/MethodAccessorGenerator$1 done
Event: 0.762 loading class jdk/internal/reflect/ClassDefiner
Event: 0.762 loading class jdk/internal/reflect/ClassDefiner done
Event: 0.762 loading class jdk/internal/reflect/ClassDefiner$1
Event: 0.762 loading class jdk/internal/reflect/ClassDefiner$1 done
Event: 0.763 loading class jdk/internal/reflect/BootstrapConstructorAccessorImpl
Event: 0.763 loading class jdk/internal/reflect/BootstrapConstructorAccessorImpl done
Event: 0.785 loading class java/util/RegularEnumSet$EnumSetIterator
Event: 0.785 loading class java/util/RegularEnumSet$EnumSetIterator done
Event: 0.819 loading class java/lang/InstantiationException
Event: 0.820 loading class java/lang/InstantiationException done
Event: 0.820 loading class java/lang/Byte$ByteCache
Event: 0.820 loading class java/lang/Byte$ByteCache done
Event: 0.820 loading class java/lang/Short$ShortCache
Event: 0.820 loading class java/lang/Short$ShortCache done
Event: 0.826 loading class org/xml/sax/InputSource
Event: 0.826 loading class org/xml/sax/InputSource done


Dynamic libraries:
0x00007ff71c060000 - 0x00007ff71c070000 	C:\Program Files\Java\jdk-17.0.2\bin\java.exe
0x00007fffc43b0000 - 0x00007fffc45c4000 	C:\WINDOWS\SYSTEM32\ntdll.dll
0x00007fffc2940000 - 0x00007fffc2a03000 	C:\WINDOWS\System32\KERNEL32.DLL
0x00007fffc1a30000 - 0x00007fffc1dcd000 	C:\WINDOWS\System32\KERNELBASE.dll
0x00007fffc1fe0000 - 0x00007fffc20f1000 	C:\WINDOWS\System32\ucrtbase.dll
0x00007fffa9260000 - 0x00007fffa9278000 	C:\Program Files\Java\jdk-17.0.2\bin\jli.dll
0x00007fffb40a0000 - 0x00007fffb40ba000 	C:\Program Files\Java\jdk-17.0.2\bin\VCRUNTIME140.dll
0x00007fffc4160000 - 0x00007fffc420e000 	C:\WINDOWS\System32\ADVAPI32.dll
0x00007fffc3f60000 - 0x00007fffc4007000 	C:\WINDOWS\System32\msvcrt.dll
0x00007fffc33a0000 - 0x00007fffc3444000 	C:\WINDOWS\System32\sechost.dll
0x00007fffc4250000 - 0x00007fffc4365000 	C:\WINDOWS\System32\RPCRT4.dll
0x00007fffc39d0000 - 0x00007fffc3b7d000 	C:\WINDOWS\System32\USER32.dll
0x00007ffface00000 - 0x00007fffad08e000 	C:\WINDOWS\WinSxS\amd64_microsoft.windows.common-controls_6595b64144ccf1df_6.0.22621.608_none_a9444ca7c10bb01d\COMCTL32.dll
0x00007fffc2100000 - 0x00007fffc2126000 	C:\WINDOWS\System32\win32u.dll
0x00007fffc3f30000 - 0x00007fffc3f59000 	C:\WINDOWS\System32\GDI32.dll
0x00007fffc17d0000 - 0x00007fffc18e2000 	C:\WINDOWS\System32\gdi32full.dll
0x00007fffc1dd0000 - 0x00007fffc1e6a000 	C:\WINDOWS\System32\msvcp_win.dll
0x00007fffbad40000 - 0x00007fffbad4a000 	C:\WINDOWS\SYSTEM32\VERSION.dll
0x00007fffc4210000 - 0x00007fffc4242000 	C:\WINDOWS\System32\IMM32.DLL
0x00007fffb5d50000 - 0x00007fffb5d5c000 	C:\Program Files\Java\jdk-17.0.2\bin\vcruntime140_1.dll
0x00007fff8c0f0000 - 0x00007fff8c17d000 	C:\Program Files\Java\jdk-17.0.2\bin\msvcp140.dll
0x00007fff76040000 - 0x00007fff76c01000 	C:\Program Files\Java\jdk-17.0.2\bin\server\jvm.dll
0x00007fffc4150000 - 0x00007fffc4158000 	C:\WINDOWS\System32\PSAPI.DLL
0x00007fffba780000 - 0x00007fffba7b4000 	C:\WINDOWS\SYSTEM32\WINMM.dll
0x00007fff92420000 - 0x00007fff92429000 	C:\WINDOWS\SYSTEM32\WSOCK32.dll
0x00007fffc2710000 - 0x00007fffc2781000 	C:\WINDOWS\System32\WS2_32.dll
0x00007fffc08d0000 - 0x00007fffc08e8000 	C:\WINDOWS\SYSTEM32\kernel.appcore.dll
0x00007fffb0330000 - 0x00007fffb033a000 	C:\Program Files\Java\jdk-17.0.2\bin\jimage.dll
0x00007fffaffe0000 - 0x00007fffb020e000 	C:\WINDOWS\SYSTEM32\DBGHELP.DLL
0x00007fffc2260000 - 0x00007fffc25ea000 	C:\WINDOWS\System32\combase.dll
0x00007fffc2860000 - 0x00007fffc2937000 	C:\WINDOWS\System32\OLEAUT32.dll
0x00007fffa89e0000 - 0x00007fffa8a12000 	C:\WINDOWS\SYSTEM32\dbgcore.DLL
0x00007fffc18f0000 - 0x00007fffc196b000 	C:\WINDOWS\System32\bcryptPrimitives.dll
0x00007fffb6810000 - 0x00007fffb681e000 	C:\Program Files\Java\jdk-17.0.2\bin\instrument.dll
0x00007fffaf170000 - 0x00007fffaf195000 	C:\Program Files\Java\jdk-17.0.2\bin\java.dll
0x00007fff7d740000 - 0x00007fff7d816000 	C:\Program Files\Java\jdk-17.0.2\bin\jsvml.dll
0x00007fffc2bb0000 - 0x00007fffc339f000 	C:\WINDOWS\System32\SHELL32.dll
0x00007fffbf7b0000 - 0x00007fffc0078000 	C:\WINDOWS\SYSTEM32\windows.storage.dll
0x00007fffbf670000 - 0x00007fffbf7ae000 	C:\WINDOWS\SYSTEM32\wintypes.dll
0x00007fffc2610000 - 0x00007fffc2701000 	C:\WINDOWS\System32\SHCORE.dll
0x00007fffc40f0000 - 0x00007fffc414e000 	C:\WINDOWS\System32\shlwapi.dll
0x00007fffc1700000 - 0x00007fffc1721000 	C:\WINDOWS\SYSTEM32\profapi.dll
0x00007fffaabd0000 - 0x00007fffaabe8000 	C:\Program Files\Java\jdk-17.0.2\bin\zip.dll
0x00007fffb4100000 - 0x00007fffb4119000 	C:\Program Files\Java\jdk-17.0.2\bin\net.dll
0x00007fffba630000 - 0x00007fffba75f000 	C:\WINDOWS\SYSTEM32\WINHTTP.dll
0x00007fffc0d30000 - 0x00007fffc0d99000 	C:\WINDOWS\system32\mswsock.dll
0x00007fffaabf0000 - 0x00007fffaac06000 	C:\Program Files\Java\jdk-17.0.2\bin\nio.dll
0x00007fffb5e80000 - 0x00007fffb5e9a000 	C:\Program Files\JetBrains\IntelliJ IDEA Community Edition 2022.2.4\bin\breakgen64.dll

dbghelp: loaded successfully - version: 4.0.5 - missing functions: none
symbol engine: initialized successfully - sym options: 0x614 - pdb path: .;C:\Program Files\Java\jdk-17.0.2\bin;C:\WINDOWS\SYSTEM32;C:\WINDOWS\WinSxS\amd64_microsoft.windows.common-controls_6595b64144ccf1df_6.0.22621.608_none_a9444ca7c10bb01d;C:\Program Files\Java\jdk-17.0.2\bin\server;C:\Program Files\JetBrains\IntelliJ IDEA Community Edition 2022.2.4\bin

VM Arguments:
jvm_args: -javaagent:C:\Program Files\JetBrains\IntelliJ IDEA Community Edition 2022.2.4\lib\idea_rt.jar=59271:C:\Program Files\JetBrains\IntelliJ IDEA Community Edition 2022.2.4\bin -Dfile.encoding=UTF-8 
java_command: com.example.demo.LastAssignmentApplication
java_class_path (initial): D:\Study\Semester 3\OOP\Assignments\Submitted\Assignment 5\Simulation\Simulation_Backend\target\classes;C:\Users\Ehab\.m2\repository\org\springframework\boot\spring-boot-starter-web\3.0.2\spring-boot-starter-web-3.0.2.jar;C:\Users\Ehab\.m2\repository\org\springframework\boot\spring-boot-starter\3.0.2\spring-boot-starter-3.0.2.jar;C:\Users\Ehab\.m2\repository\org\springframework\boot\spring-boot\3.0.2\spring-boot-3.0.2.jar;C:\Users\Ehab\.m2\repository\org\springframework\boot\spring-boot-autoconfigure\3.0.2\spring-boot-autoconfigure-3.0.2.jar;C:\Users\Ehab\.m2\repository\org\springframework\boot\spring-boot-starter-logging\3.0.2\spring-boot-starter-logging-3.0.2.jar;C:\Users\Ehab\.m2\repository\ch\qos\logback\logback-classic\1.4.5\logback-classic-1.4.5.jar;C:\Users\Ehab\.m2\repository\ch\qos\logback\logback-core\1.4.5\logback-core-1.4.5.jar;C:\Users\Ehab\.m2\repository\org\apache\logging\log4j\log4j-to-slf4j\2.19.0\log4j-to-slf4j-2.19.0.jar;C:\Users\Ehab\.m2\repository\org\apache\logging\log4j\log4j-api\2.19.0\log4j-api-2.19.0.jar;C:\Users\Ehab\.m2\repository\org\slf4j\jul-to-slf4j\2.0.6\jul-to-slf4j-2.0.6.jar;C:\Users\Ehab\.m2\repository\jakarta\annotation\jakarta.annotation-api\2.1.1\jakarta.annotation-api-2.1.1.jar;C:\Users\Ehab\.m2\repository\org\yaml\snakeyaml\1.33\snakeyaml-1.33.jar;C:\Users\Ehab\.m2\repository\org\springframework\boot\spring-boot-starter-json\3.0.2\spring-boot-starter-json-3.0.2.jar;C:\Users\Ehab\.m2\repository\com\fasterxml\jackson\core\jackson-databind\2.14.1\jackson-databind-2.14.1.jar;C:\Users\Ehab\.m2\repository\com\fasterxml\jackson\core\jackson-annotations\2.14.1\jackson-annotations-2.14.1.jar;C:\Users\Ehab\.m2\repository\com\fasterxml\jackson\core\jackson-core\2.14.1\jackson-core-2.14.1.jar;C:\Users\Ehab\.m2\repository\com\fasterxml\jackson\datatype\jackson-datatype-jdk8\2.14.1\jackson-datatype-jdk8-2.14.1.jar;C:\Users\Ehab\.m2\repository\com\fasterxml\jackson\datatype\jackson-datatype-jsr310\2.14.1\jackson
Launcher Type: SUN_STANDARD

[Global flags]
     intx CICompilerCount                          = 4                                         {product} {ergonomic}
     uint ConcGCThreads                            = 3                                         {product} {ergonomic}
     uint G1ConcRefinementThreads                  = 10                                        {product} {ergonomic}
   size_t G1HeapRegionSize                         = 2097152                                   {product} {ergonomic}
    uintx GCDrainStackTargetSize                   = 64                                        {product} {ergonomic}
   size_t InitialHeapSize                          = 266338304                                 {product} {ergonomic}
   size_t MarkStackSize                            = 4194304                                   {product} {ergonomic}
   size_t MaxHeapSize                              = 4248829952                                {product} {ergonomic}
   size_t MaxNewSize                               = 2548039680                                {product} {ergonomic}
   size_t MinHeapDeltaBytes                        = 2097152                                   {product} {ergonomic}
   size_t MinHeapSize                              = 8388608                                   {product} {ergonomic}
    uintx NonNMethodCodeHeapSize                   = 5839372                                {pd product} {ergonomic}
    uintx NonProfiledCodeHeapSize                  = 122909434                              {pd product} {ergonomic}
    uintx ProfiledCodeHeapSize                     = 122909434                              {pd product} {ergonomic}
    uintx ReservedCodeCacheSize                    = 251658240                              {pd product} {ergonomic}
     bool SegmentedCodeCache                       = true                                      {product} {ergonomic}
   size_t SoftMaxHeapSize                          = 4248829952                             {manageable} {ergonomic}
     bool UseCompressedClassPointers               = true                           {product lp64_product} {ergonomic}
     bool UseCompressedOops                        = true                           {product lp64_product} {ergonomic}
     bool UseG1GC                                  = true                                      {product} {ergonomic}
     bool UseLargePagesIndividualAllocation        = false                                  {pd product} {ergonomic}

Logging:
Log output configuration:
 #0: stdout all=warning uptime,level,tags
 #1: stderr all=off uptime,level,tags

Environment Variables:
JAVA_HOME=C:\Program Files\Java\jdk-17.0.2
PATH=C:\Program Files\Microsoft\jdk-11.0.12.7-hotspot\bin;C:\Program Files\Common Files\Oracle\Java\javapath;C:\Program Files (x86)\Common Files\Oracle\Java\javapath;C:\Windows\system32;C:\Windows;C:\Windows\System32\Wbem;C:\Windows\System32\WindowsPowerShell\v1.0\;C:\Windows\System32\OpenSSH\;C:\Program Files (x86)\NVIDIA Corporation\PhysX\Common;C:\Program Files\NVIDIA Corporation\NVIDIA NvDLISR;C:\WINDOWS\system32;C:\WINDOWS;C:\WINDOWS\System32\Wbem;C:\WINDOWS\System32\WindowsPowerShell\v1.0\;C:\WINDOWS\System32\OpenSSH\;C:\Program Files\Java\jdk-17.0.2\bin;C:\Program Files (x86)\dotnet\;C:\Program Files\nodejs\;C:\Program Files\Git\cmd;C:\Python310\Scripts\;C:\Python310\;C:\Users\Ehab\AppData\Local\Microsoft\WindowsApps;D:\Programs\Microsoft VS Code\bin;D:\Programs\IntelliJ IDEA 2022.1.4\bin;;D:\Programs\IntelliJ IDEA Community Edition 2022.1.4\bin;;C:\MinGW\bin;C:\Users\Ehab\AppData\Local\GitHubDesktop\bin;C:\Users\Ehab\AppData\Roaming\npm
USERNAME=Ehab
OS=Windows_NT
PROCESSOR_IDENTIFIER=Intel64 Family 6 Model 165 Stepping 2, GenuineIntel



---------------  S Y S T E M  ---------------

OS:
 Windows 11 , 64 bit Build 22621 (10.0.22621.1105)
OS uptime: 4 days 1:50 hours
Hyper-V role detected

CPU: total 12 (initial active 12) (6 cores per cpu, 2 threads per core) family 6 model 165 stepping 2 microcode 0xe2, cx8, cmov, fxsr, ht, mmx, 3dnowpref, sse, sse2, sse3, ssse3, sse4.1, sse4.2, popcnt, lzcnt, tsc, tscinvbit, avx, avx2, aes, erms, clmul, bmi1, bmi2, adx, fma, vzeroupper, clflush, clflushopt, hv

Memory: 4k page, system-wide physical 16204M (2188M free)
TotalPageFile size 46563M (AvailPageFile size 4M)
current process WorkingSet (physical memory assigned to process): 99M, peak: 99M
current process commit charge ("private bytes"): 374M, peak: 374M

vm_info: Java HotSpot(TM) 64-Bit Server VM (17.0.2+8-LTS-86) for windows-amd64 JRE (17.0.2+8-LTS-86), built on Dec  7 2021 21:51:03 by "mach5one" with MS VC++ 16.8 / 16.9 (VS2019)

END.
